<?xml version="1.0" encoding="GB2312" ?>
<!-- !DOCTYPE locales PUBLIC "i18n.dtd" "i18n.dtd" -->
<locales>
    <locale language-country="zh_CN">
        <pair label-key="Report Alarmlist Rebuilt" label-value="告警列表重建上报" />
        <pair label-key="Position" label-value="告警源位置" />
        <pair label-key="Report SNMP Event" label-value="事件上报" />
        <pair label-key="Report Notification" label-value="通知上报" />
		<pair label-key="Report Alarm Update" label-value="告警更新" />
        <pair label-key="Report Alarm Restore" label-value="告警上报恢复" />
		<pair label-key="Report Alarm" label-value="告警上报" />
        <pair label-key="GetAlarm" label-value="获取告警列表" />
		<pair label-key="ACKGetAlarm" label-value="获取告警列表响应" />
        <pair label-key="Alarm Confirm" label-value="告警确认" />
		<pair label-key="ACK Alarm Confirm" label-value="告警确认返回" />
        <pair label-key="Alarm delete" label-value="告警删除" />
		<pair label-key="ACK Alarm delete" label-value="告警删除确认" />
        <pair label-key="Add Mask Rule" label-value="添加告警屏蔽规则" />
		<pair label-key="Delete Mask Rule" label-value="删除告警屏蔽规则" />
        <pair label-key="Get Alarm Reason" label-value="获取告警原因描述" />
        <pair label-key="Ack Get Reason Desc" label-value="获取告警原因描述确" />
        <pair label-key="Get Maintenance" label-value="获取告警处理建议" />
        <pair label-key="Ack get Maintenance" label-value="获取告警处理建议确认"/>  
        <pair label-key="Ne Sync To Omm" label-value="网元与omm同步"/>
        <pair label-key="UploadAlarmCode" label-value="告警码上载"/>
        <pair label-key="UploadAlarmReason" label-value="原因码上载"/>
        <pair label-key="UploadRepairProposition" label-value="处理建议上载"/>
        <pair label-key="GetModelVersion" label-value="上载模型版本"/>
        <pair label-key="Unknown" label-value="未知"/>        
    </locale>
    <locale language-country="en_US">
        <pair label-key="Report Alarmlist Rebuilt" label-value="Report Alarmlist Rebuilt" />
        <pair label-key="Report SNMP Event" label-value="Report SNMP Event" />
        <pair label-key="Report Notification" label-value="Report Notification" />
        <pair label-key="Report Alarm Update" label-value="Report Alarm Update" />
        <pair label-key="Report Alarm Restore" label-value="Report Alarm Restore" />
        <pair label-key="Report Alarm" label-value="Report Alarm" />
		<pair label-key="GetAlarm" label-value="Get Alarms" />
        <pair label-key="ACKGetAlarm" label-value="Acknowledge Get Alarms" />
		<pair label-key="Alarm Confirm" label-value="Alarm Confirm" />
        <pair label-key="ACK Alarm Confirm" label-value="ACK Alarm Confirm" />
		<pair label-key="Alarm delete" label-value="Alarm delete" />
        <pair label-key="ACK Alarm delete" label-value="ACK Alarm delete" />
		<pair label-key="Add Mask Rule" label-value="ADD ALARM MASK RULE" />
        <pair label-key="Delete Mask Rule" label-value="DELETE ALARM MASK RULE" />
		<pair label-key="Get Alarm Reason" label-value="Get Alarm Reason" />
        <pair label-key="Ack Get Reason Desc" label-value="Ack Get Reason Description" />
		 <pair label-key="Get Maintenance" label-value="Get Maintenance" />
        <pair label-key="Ack get Maintenance" label-value="Ack Get Maintenance" />  
        <pair label-key="Ne Sync To Omm" label-value="NE Syncronize With Omm"/>
        <pair label-key="UploadAlarmCode" label-value="Upload AlarmCode"/>
        <pair label-key="UploadAlarmReason" label-value="Upload AlarmReason"/>
        <pair label-key="UploadRepairProposition" label-value="Upload Repair Proposition"/>
        <pair label-key="GetModelVersion" label-value="Get Model Version"/>
        <pair label-key="Unknown" label-value="Unknown"/>       
    </locale>
</locales>  
